<?xml version="1.0" encoding="UTF-8"?>
<testng-results ignored="0" total="1" passed="1" failed="0" skipped="0">
  <reporter-output>
  </reporter-output>
  <suite started-at="2024-06-12T16:22:40 IST" name="Default suite" finished-at="2024-06-12T16:23:54 IST" duration-ms="74713">
    <groups>
    </groups>
    <test started-at="2024-06-12T16:22:40 IST" name="Default test" finished-at="2024-06-12T16:23:54 IST" duration-ms="74713">
      <class name="Testjanasya.Testjanasyaa">
        <test-method is-config="true" signature="setup()[pri:0, instance:Testjanasya.Testjanasyaa@35d019a3]" started-at="2024-06-12T16:22:40 IST" name="setup" finished-at="2024-06-12T16:22:44 IST" duration-ms="4064" status="PASS">
          <reporter-output>
          </reporter-output>
        </test-method> <!-- setup -->
        <test-method is-config="true" signature="url()[pri:0, instance:Testjanasya.Testjanasyaa@35d019a3]" started-at="2024-06-12T16:22:44 IST" name="url" finished-at="2024-06-12T16:22:49 IST" duration-ms="4683" status="PASS">
          <reporter-output>
          </reporter-output>
        </test-method> <!-- url -->
        <test-method signature="test1()[pri:0, instance:Testjanasya.Testjanasyaa@35d019a3]" started-at="2024-06-12T16:22:49 IST" name="test1" finished-at="2024-06-12T16:23:54 IST" duration-ms="65798" status="PASS">
          <reporter-output>
          </reporter-output>
        </test-method> <!-- test1 -->
      </class> <!-- Testjanasya.Testjanasyaa -->
    </test> <!-- Default test -->
  </suite> <!-- Default suite -->
</testng-results>
